        -:    0:Source:dominion.c
        -:    0:Graph:dominion.gcno
        -:    0:Data:dominion.gcda
        -:    0:Runs:41
        -:    0:Programs:1
        -:    1:#include "dominion.h"
        -:    2:#include "dominion_helpers.h"
        -:    3:#include "rngs.h"
        -:    4:#include <stdio.h>
        -:    5:#include <math.h>
        -:    6:#include <stdlib.h>
        -:    7:
        -:    8:int compare(const void* a, const void* b) {
    57597:    9:  if (*(int*)a > *(int*)b)
     1985:   10:    return 1;
    55612:   11:  if (*(int*)a < *(int*)b)
     7605:   12:    return -1;
    48007:   13:  return 0;
    57597:   14:}
        -:   15:
        -:   16:struct gameState* newGame() {
    #####:   17:  struct gameState* g = malloc(sizeof(struct gameState));
    #####:   18:  return g;
        -:   19:}
        -:   20:
        -:   21:int* kingdomCards(int k1, int k2, int k3, int k4, int k5, int k6, int k7,
        -:   22:		  int k8, int k9, int k10) {
    #####:   23:  int* k = malloc(10 * sizeof(int));
    #####:   24:  k[0] = k1;
    #####:   25:  k[1] = k2;
    #####:   26:  k[2] = k3;
    #####:   27:  k[3] = k4;
    #####:   28:  k[4] = k5;
    #####:   29:  k[5] = k6;
    #####:   30:  k[6] = k7;
    #####:   31:  k[7] = k8;
    #####:   32:  k[8] = k9;
    #####:   33:  k[9] = k10;
    #####:   34:  return k;
        -:   35:}
        -:   36:
        -:   37:int initializeGame(int numPlayers, int kingdomCards[10], int randomSeed,
        -:   38:		   struct gameState *state) {
        -:   39:
        -:   40:  int i;
        -:   41:  int j;
        -:   42:  int it;			
        -:   43:  //set up random number generator
     1038:   44:  SelectStream(1);
     1038:   45:  PutSeed((long)randomSeed);
        -:   46:  
        -:   47:  //check number of players
     2076:   48:  if (numPlayers > MAX_PLAYERS || numPlayers < 2)
        -:   49:    {
      539:   50:      return -1;
        -:   51:    }
        -:   52:
        -:   53:  //set number of players
      499:   54:  state->numPlayers = numPlayers;
        -:   55:
        -:   56:  //check selected kingdom cards are different
    10978:   57:  for (i = 0; i < 10; i++)
        -:   58:    {
   109780:   59:      for (j = 0; j < 10; j++)
        -:   60:        {
    94810:   61:	  if (j != i && kingdomCards[j] == kingdomCards[i])
        -:   62:	    {
    #####:   63:	      return -1;
        -:   64:	    }
    49900:   65:        }
     4990:   66:    }
        -:   67:
        -:   68:
        -:   69:  //initialize supply
        -:   70:  ///////////////////////////////
        -:   71:
        -:   72:  //set number of Curse cards
      499:   73:  if (numPlayers == 2)
        -:   74:    {
      256:   75:      state->supplyCount[curse] = 10;
      256:   76:    }
      243:   77:  else if (numPlayers == 3)
        -:   78:    {
      243:   79:      state->supplyCount[curse] = 20;
      243:   80:    }
        -:   81:  else
        -:   82:    {
    #####:   83:      state->supplyCount[curse] = 30;
        -:   84:    }
        -:   85:
        -:   86:  //set number of Victory cards
      499:   87:  if (numPlayers == 2)
        -:   88:    {
      256:   89:      state->supplyCount[estate] = 8;
      256:   90:      state->supplyCount[duchy] = 8;
      256:   91:      state->supplyCount[province] = 8;
      256:   92:    }
        -:   93:  else
        -:   94:    {
      243:   95:      state->supplyCount[estate] = 12;
      243:   96:      state->supplyCount[duchy] = 12;
      243:   97:      state->supplyCount[province] = 12;
        -:   98:    }
        -:   99:
        -:  100:  //set number of Treasure cards
      499:  101:  state->supplyCount[copper] = 60 - (7 * numPlayers);
      499:  102:  state->supplyCount[silver] = 40;
      499:  103:  state->supplyCount[gold] = 30;
        -:  104:
        -:  105:  //set number of Kingdom cards
    20958:  106:  for (i = adventurer; i <= treasure_map; i++)       	//loop all cards
        -:  107:    {
   164670:  108:      for (j = 0; j < 10; j++)           		//loop chosen cards
        -:  109:	{
    77345:  110:	  if (kingdomCards[j] == i)
        -:  111:	    {
        -:  112:	      //check if card is a 'Victory' Kingdom card
     9980:  113:	      if (kingdomCards[j] == great_hall || kingdomCards[j] == gardens)
        -:  114:		{
      499:  115:		  if (numPlayers == 2){ 
      256:  116:		    state->supplyCount[i] = 8; 
      256:  117:		  }
      243:  118:		  else{ state->supplyCount[i] = 12; }
      499:  119:		}
        -:  120:	      else
        -:  121:		{
     4491:  122:		  state->supplyCount[i] = 10;
        -:  123:		}
     4990:  124:	      break;
        -:  125:	    }
        -:  126:	  else    //card is not in the set choosen for the game
        -:  127:	    {
    72355:  128:	      state->supplyCount[i] = -1;
        -:  129:	    }
    72355:  130:	}
        -:  131:
     9980:  132:    }
        -:  133:
        -:  134:  ////////////////////////
        -:  135:  //supply intilization complete
        -:  136:
        -:  137:  //set player decks
     3480:  138:  for (i = 0; i < numPlayers; i++)
        -:  139:    {
     1241:  140:      state->deckCount[i] = 0;
     9928:  141:      for (j = 0; j < 3; j++)
        -:  142:	{
     3723:  143:	  state->deck[i][j] = estate;
     3723:  144:	  state->deckCount[i]++;
     3723:  145:	}
    19856:  146:      for (j = 3; j < 10; j++)
        -:  147:	{
     8687:  148:	  state->deck[i][j] = copper;
     8687:  149:	  state->deckCount[i]++;		
     8687:  150:	}
     1241:  151:    }
        -:  152:
        -:  153:  //shuffle player decks
     3480:  154:  for (i = 0; i < numPlayers; i++)
        -:  155:    {
     1241:  156:      if ( shuffle(i, state) < 0 )
        -:  157:	{
    #####:  158:	  return -1;
        -:  159:	}
     1241:  160:    }
        -:  161:
        -:  162:  //draw player hands
     3480:  163:  for (i = 0; i < numPlayers; i++)
        -:  164:    {  
        -:  165:      //initialize hand size to zero
     1241:  166:      state->handCount[i] = 0;
     1241:  167:      state->discardCount[i] = 0;
        -:  168:      //draw 5 cards
        -:  169:      // for (j = 0; j < 5; j++)
        -:  170:      //	{
        -:  171:      //	  drawCard(i, state);
        -:  172:      //	}
     1241:  173:    }
        -:  174:  
        -:  175:  //set embargo tokens to 0 for all supply piles
    27944:  176:  for (i = 0; i <= treasure_map; i++)
        -:  177:    {
    13473:  178:      state->embargoTokens[i] = 0;
    13473:  179:    }
        -:  180:
        -:  181:  //initialize first player's turn
      499:  182:  state->outpostPlayed = 0;
      499:  183:  state->phase = 0;
      499:  184:  state->numActions = 1;
      499:  185:  state->numBuys = 1;
      499:  186:  state->playedCardCount = 0;
      499:  187:  state->whoseTurn = 0;
      499:  188:  state->handCount[state->whoseTurn] = 0;
        -:  189:  //int it; move to top
        -:  190:
        -:  191:  //Moved draw cards to here, only drawing at the start of a turn
     5988:  192:  for (it = 0; it < 5; it++){
     2495:  193:    drawCard(state->whoseTurn, state);
     2495:  194:  }
        -:  195:
      499:  196:  updateCoins(state->whoseTurn, state, 0);
        -:  197:
      499:  198:  return 0;
     1038:  199:}
        -:  200:
        -:  201:int shuffle(int player, struct gameState *state) {
        -:  202: 
        -:  203:
        -:  204:  int newDeck[MAX_DECK];
    31462:  205:  int newDeckPos = 0;
        -:  206:  int card;
        -:  207:  int i;
        -:  208:
    31462:  209:  if (state->deckCount[player] < 1)
    30110:  210:    return -1;
     1352:  211:  qsort ((void*)(state->deck[player]), state->deckCount[player], sizeof(int), compare); 
        -:  212:  /* SORT CARDS IN DECK TO ENSURE DETERMINISM! */
        -:  213:
    98448:  214:  while (state->deckCount[player] > 0) {
    47872:  215:    card = floor(Random() * state->deckCount[player]);
    47872:  216:    newDeck[newDeckPos] = state->deck[player][card];
    47872:  217:    newDeckPos++;
  6704050:  218:    for (i = card; i < state->deckCount[player]-1; i++) {
  3304153:  219:      state->deck[player][i] = state->deck[player][i+1];
  3304153:  220:    }
    47872:  221:    state->deckCount[player]--;
        -:  222:  }
    98448:  223:  for (i = 0; i < newDeckPos; i++) {
    47872:  224:    state->deck[player][i] = newDeck[i];
    47872:  225:    state->deckCount[player]++;
    47872:  226:  }
        -:  227:
     1352:  228:  return 0;
    31462:  229:}
        -:  230:
        -:  231:int playCard(int handPos, int choice1, int choice2, int choice3, struct gameState *state) 
        -:  232:{	
        -:  233:  int card;
    #####:  234:  int coin_bonus = 0; 		//tracks coins gain from actions
        -:  235:
        -:  236:  //check if it is the right phase
    #####:  237:  if (state->phase != 0)
        -:  238:    {
    #####:  239:      return -1;
        -:  240:    }
        -:  241:	
        -:  242:  //check if player has enough actions
    #####:  243:  if ( state->numActions < 1 )
        -:  244:    {
    #####:  245:      return -1;
        -:  246:    }
        -:  247:	
        -:  248:  //get card played
    #####:  249:  card = handCard(handPos, state);
        -:  250:	
        -:  251:  //check if selected card is an action
    #####:  252:  if ( card < adventurer || card > treasure_map )
        -:  253:    {
    #####:  254:      return -1;
        -:  255:    }
        -:  256:	
        -:  257:  //play card
    #####:  258:  if ( cardEffect(card, choice1, choice2, choice3, state, handPos, &coin_bonus) < 0 )
        -:  259:    {
    #####:  260:      return -1;
        -:  261:    }
        -:  262:	
        -:  263:  //reduce number of actions
    #####:  264:  state->numActions--;
        -:  265:
        -:  266:  //update coins (Treasure cards may be added with card draws)
    #####:  267:  updateCoins(state->whoseTurn, state, coin_bonus);
        -:  268:	
    #####:  269:  return 0;
    #####:  270:}
        -:  271:
        -:  272:int buyCard(int supplyPos, struct gameState *state) {
        -:  273:  int who;
        -:  274:  if (DEBUG){
        -:  275:    printf("Entering buyCard...\n");
        -:  276:  }
        -:  277:
        -:  278:  // I don't know what to do about the phase thing.
        -:  279:
    #####:  280:  who = state->whoseTurn;
        -:  281:
    #####:  282:  if (state->numBuys < 1){
        -:  283:    if (DEBUG)
        -:  284:      printf("You do not have any buys left\n");
    #####:  285:    return -1;
    #####:  286:  } else if (supplyCount(supplyPos, state) <1){
        -:  287:    if (DEBUG)
        -:  288:      printf("There are not any of that type of card left\n");
    #####:  289:    return -1;
    #####:  290:  } else if (state->coins < getCost(supplyPos)){
        -:  291:    if (DEBUG) 
        -:  292:      printf("You do not have enough money to buy that. You have %d coins.\n", state->coins);
    #####:  293:    return -1;
        -:  294:  } else {
    #####:  295:    state->phase=1;
        -:  296:    //state->supplyCount[supplyPos]--;
    #####:  297:    gainCard(supplyPos, state, 0, who); //card goes in discard, this might be wrong.. (2 means goes into hand, 0 goes into discard)
        -:  298:  
    #####:  299:    state->coins = (state->coins) - (getCost(supplyPos));
    #####:  300:    state->numBuys--;
        -:  301:    if (DEBUG)
        -:  302:      printf("You bought card number %d for %d coins. You now have %d buys and %d coins.\n", supplyPos, getCost(supplyPos), state->numBuys, state->coins);
        -:  303:  }
        -:  304:
        -:  305:  //state->discard[who][state->discardCount[who]] = supplyPos;
        -:  306:  //state->discardCount[who]++;
        -:  307:    
    #####:  308:  return 0;
    #####:  309:}
        -:  310:
        -:  311:int numHandCards(struct gameState *state) {
    #####:  312:  return state->handCount[ whoseTurn(state) ];
        -:  313:}
        -:  314:
        -:  315:int handCard(int handPos, struct gameState *state) {
    #####:  316:  int currentPlayer = whoseTurn(state);
    #####:  317:  return state->hand[currentPlayer][handPos];
        -:  318:}
        -:  319:
        -:  320:int supplyCount(int card, struct gameState *state) {
     1309:  321:  return state->supplyCount[card];
        -:  322:}
        -:  323:
        -:  324:int fullDeckCount(int player, int card, struct gameState *state) {
        -:  325:  int i;
    #####:  326:  int count = 0;
        -:  327:
    #####:  328:  for (i = 0; i < state->deckCount[player]; i++)
        -:  329:    {
    #####:  330:      if (state->deck[player][i] == card) count++;
    #####:  331:    }
        -:  332:
    #####:  333:  for (i = 0; i < state->handCount[player]; i++)
        -:  334:    {
    #####:  335:      if (state->hand[player][i] == card) count++;
    #####:  336:    }
        -:  337:
    #####:  338:  for (i = 0; i < state->discardCount[player]; i++)
        -:  339:    {
    #####:  340:      if (state->discard[player][i] == card) count++;
    #####:  341:    }
        -:  342:
    #####:  343:  return count;
        -:  344:}
        -:  345:
        -:  346:int whoseTurn(struct gameState *state) {
     2076:  347:  return state->whoseTurn;
        -:  348:}
        -:  349:
        -:  350:int endTurn(struct gameState *state) {
        -:  351:  int k;
        -:  352:  int i;
    #####:  353:  int currentPlayer = whoseTurn(state);
        -:  354:  
        -:  355:  //Discard hand
    #####:  356:  for (i = 0; i < state->handCount[currentPlayer]; i++){
    #####:  357:    state->discard[currentPlayer][state->discardCount[currentPlayer]++] = state->hand[currentPlayer][i];//Discard
    #####:  358:    state->hand[currentPlayer][i] = -1;//Set card to -1
    #####:  359:  }
    #####:  360:  state->handCount[currentPlayer] = 0;//Reset hand count
        -:  361:    
        -:  362:  //Code for determining the player
    #####:  363:  if (currentPlayer < (state->numPlayers - 1)){ 
    #####:  364:    state->whoseTurn = currentPlayer + 1;//Still safe to increment
    #####:  365:  }
        -:  366:  else{
    #####:  367:    state->whoseTurn = 0;//Max player has been reached, loop back around to player 1
        -:  368:  }
        -:  369:
    #####:  370:  state->outpostPlayed = 0;
    #####:  371:  state->phase = 0;
    #####:  372:  state->numActions = 1;
    #####:  373:  state->coins = 0;
    #####:  374:  state->numBuys = 1;
    #####:  375:  state->playedCardCount = 0;
    #####:  376:  state->handCount[state->whoseTurn] = 0;
        -:  377:
        -:  378:  //int k; move to top
        -:  379:  //Next player draws hand
    #####:  380:  for (k = 0; k < 5; k++){
    #####:  381:    drawCard(state->whoseTurn, state);//Draw a card
    #####:  382:  }
        -:  383:
        -:  384:  //Update money
    #####:  385:  updateCoins(state->whoseTurn, state , 0);
        -:  386:
    #####:  387:  return 0;
        -:  388:}
        -:  389:
        -:  390:int isGameOver(struct gameState *state) {
        -:  391:  int i;
        -:  392:  int j;
        -:  393:	
        -:  394:  //if stack of Province cards is empty, the game ends
       14:  395:  if (state->supplyCount[province] == 0)
        -:  396:    {
    #####:  397:      return 1;
        -:  398:    }
        -:  399:
        -:  400:  //if three supply pile are at 0, the game ends
       14:  401:  j = 0;
      728:  402:  for (i = 0; i < 25; i++)
        -:  403:    {
      350:  404:      if (state->supplyCount[i] == 0)
        -:  405:	{
       14:  406:	  j++;
       14:  407:	}
      350:  408:    }
       14:  409:  if ( j >= 3)
        -:  410:    {
    #####:  411:      return 1;
        -:  412:    }
        -:  413:
       14:  414:  return 0;
       14:  415:}
        -:  416:
        -:  417:int scoreFor (int player, struct gameState *state) {
        -:  418:
        -:  419:  int i;
    #####:  420:  int score = 0;
        -:  421:  //score from hand
    #####:  422:  for (i = 0; i < state->handCount[player]; i++)
        -:  423:    {
    #####:  424:      if (state->hand[player][i] == curse) { score = score - 1; };
    #####:  425:      if (state->hand[player][i] == estate) { score = score + 1; };
    #####:  426:      if (state->hand[player][i] == duchy) { score = score + 3; };
    #####:  427:      if (state->hand[player][i] == province) { score = score + 6; };
    #####:  428:      if (state->hand[player][i] == great_hall) { score = score + 1; };
    #####:  429:      if (state->hand[player][i] == gardens) { score = score + ( fullDeckCount(player, 0, state) / 10 ); };
    #####:  430:    }
        -:  431:
        -:  432:  //score from discard
    #####:  433:  for (i = 0; i < state->discardCount[player]; i++)
        -:  434:    {
    #####:  435:      if (state->discard[player][i] == curse) { score = score - 1; };
    #####:  436:      if (state->discard[player][i] == estate) { score = score + 1; };
    #####:  437:      if (state->discard[player][i] == duchy) { score = score + 3; };
    #####:  438:      if (state->discard[player][i] == province) { score = score + 6; };
    #####:  439:      if (state->discard[player][i] == great_hall) { score = score + 1; };
    #####:  440:      if (state->discard[player][i] == gardens) { score = score + ( fullDeckCount(player, 0, state) / 10 ); };
    #####:  441:    }
        -:  442:
        -:  443:  //score from deck
    #####:  444:  for (i = 0; i < state->discardCount[player]; i++)
        -:  445:    {
    #####:  446:      if (state->deck[player][i] == curse) { score = score - 1; };
    #####:  447:      if (state->deck[player][i] == estate) { score = score + 1; };
    #####:  448:      if (state->deck[player][i] == duchy) { score = score + 3; };
    #####:  449:      if (state->deck[player][i] == province) { score = score + 6; };
    #####:  450:      if (state->deck[player][i] == great_hall) { score = score + 1; };
    #####:  451:      if (state->deck[player][i] == gardens) { score = score + ( fullDeckCount(player, 0, state) / 10 ); };
    #####:  452:    }
        -:  453:
    #####:  454:  return score;
        -:  455:}
        -:  456:
        -:  457:int getWinners(int players[MAX_PLAYERS], struct gameState *state) {
        -:  458:  int i;	
        -:  459:  int j;
        -:  460:  int highScore;
        -:  461:  int currentPlayer;
        -:  462:
        -:  463:  //get score for each player
    #####:  464:  for (i = 0; i < MAX_PLAYERS; i++)
        -:  465:    {
        -:  466:      //set unused player scores to -9999
    #####:  467:      if (i >= state->numPlayers)
        -:  468:	{
    #####:  469:	  players[i] = -9999;
    #####:  470:	}
        -:  471:      else
        -:  472:	{
    #####:  473:	  players[i] = scoreFor (i, state);
        -:  474:	}
    #####:  475:    }
        -:  476:
        -:  477:  //find highest score
    #####:  478:  j = 0;
    #####:  479:  for (i = 0; i < MAX_PLAYERS; i++)
        -:  480:    {
    #####:  481:      if (players[i] > players[j])
        -:  482:	{
    #####:  483:	  j = i;
    #####:  484:	}
    #####:  485:    }
    #####:  486:  highScore = players[j];
        -:  487:
        -:  488:  //add 1 to players who had less turns
    #####:  489:  currentPlayer = whoseTurn(state);
    #####:  490:  for (i = 0; i < MAX_PLAYERS; i++)
        -:  491:    {
    #####:  492:      if ( players[i] == highScore && i > currentPlayer )
        -:  493:	{
    #####:  494:	  players[i]++;
    #####:  495:	}
    #####:  496:    }
        -:  497:
        -:  498:  //find new highest score
    #####:  499:  j = 0;
    #####:  500:  for (i = 0; i < MAX_PLAYERS; i++)
        -:  501:    {
    #####:  502:      if ( players[i] > players[j] )
        -:  503:	{
    #####:  504:	  j = i;
    #####:  505:	}
    #####:  506:    }
    #####:  507:  highScore = players[j];
        -:  508:
        -:  509:  //set winners in array to 1 and rest to 0
    #####:  510:  for (i = 0; i < MAX_PLAYERS; i++)
        -:  511:    {
    #####:  512:      if ( players[i] == highScore )
        -:  513:	{
    #####:  514:	  players[i] = 1;
    #####:  515:	}
        -:  516:      else
        -:  517:	{
    #####:  518:	  players[i] = 0;
        -:  519:	}
    #####:  520:    }
        -:  521:
    #####:  522:  return 0;
        -:  523:}
        -:  524:
        -:  525:int drawCard(int player, struct gameState *state)
        -:  526:{	int count;
        -:  527:  int deckCounter;
    55536:  528:  if (state->deckCount[player] <= 0){//Deck is empty
        -:  529:    
        -:  530:    //Step 1 Shuffle the discard pile back into a deck
        -:  531:    int i;
        -:  532:    //Move discard to deck
   111266:  533:    for (i = 0; i < state->discardCount[player];i++){
    35462:  534:      state->deck[player][i] = state->discard[player][i];
    35462:  535:      state->discard[player][i] = -1;
    35462:  536:    }
        -:  537:
    20171:  538:    state->deckCount[player] = state->discardCount[player];
    20171:  539:    state->discardCount[player] = 0;//Reset discard
        -:  540:
        -:  541:    //Shufffle the deck
    20171:  542:    shuffle(player, state);//Shuffle the deck up and make it so that we can draw
        -:  543:   
        -:  544:    if (DEBUG){//Debug statements
        -:  545:      printf("Deck count now: %d\n", state->deckCount[player]);
        -:  546:    }
        -:  547:    
    20171:  548:    state->discardCount[player] = 0;
        -:  549:
        -:  550:    //Step 2 Draw Card
    20171:  551:    count = state->handCount[player];//Get current player's hand count
        -:  552:    
        -:  553:    if (DEBUG){//Debug statements
        -:  554:      printf("Current hand count: %d\n", count);
        -:  555:    }
        -:  556:    
    20171:  557:    deckCounter = state->deckCount[player];//Create a holder for the deck count
        -:  558:
    20171:  559:    if (deckCounter == 0)
    20060:  560:      return -1;
        -:  561:
      111:  562:    state->hand[player][count] = state->deck[player][deckCounter - 1];//Add card to hand
      111:  563:    state->deckCount[player]--;
      111:  564:    state->handCount[player]++;//Increment hand count
      111:  565:  }
        -:  566:
        -:  567:  else{
    35365:  568:    int count = state->handCount[player];//Get current hand count for player
        -:  569:    int deckCounter;
        -:  570:    if (DEBUG){//Debug statements
        -:  571:      printf("Current hand count: %d\n", count);
        -:  572:    }
        -:  573:
    35365:  574:    deckCounter = state->deckCount[player];//Create holder for the deck count
    35365:  575:    state->hand[player][count] = state->deck[player][deckCounter - 1];//Add card to the hand
    35365:  576:    state->deckCount[player]--;
    35365:  577:    state->handCount[player]++;//Increment hand count
        -:  578:  }
        -:  579:
    35476:  580:  return 0;
    55536:  581:}
        -:  582:
        -:  583:int getCost(int cardNumber)
        -:  584:{
    #####:  585:  switch( cardNumber ) 
        -:  586:    {
        -:  587:    case curse:
    #####:  588:      return 0;
        -:  589:    case estate:
    #####:  590:      return 2;
        -:  591:    case duchy:
    #####:  592:      return 5;
        -:  593:    case province:
    #####:  594:      return 8;
        -:  595:    case copper:
    #####:  596:      return 0;
        -:  597:    case silver:
    #####:  598:      return 3;
        -:  599:    case gold:
    #####:  600:      return 6;
        -:  601:    case adventurer:
    #####:  602:      return 6;
        -:  603:    case council_room:
    #####:  604:      return 5;
        -:  605:    case feast:
    #####:  606:      return 4;
        -:  607:    case gardens:
    #####:  608:      return 4;
        -:  609:    case mine:
    #####:  610:      return 5;
        -:  611:    case remodel:
    #####:  612:      return 4;
        -:  613:    case smithy:
    #####:  614:      return 4;
        -:  615:    case village:
    #####:  616:      return 3;
        -:  617:    case baron:
    #####:  618:      return 4;
        -:  619:    case great_hall:
    #####:  620:      return 3;
        -:  621:    case minion:
    #####:  622:      return 5;
        -:  623:    case steward:
    #####:  624:      return 3;
        -:  625:    case tribute:
    #####:  626:      return 5;
        -:  627:    case ambassador:
    #####:  628:      return 3;
        -:  629:    case cutpurse:
    #####:  630:      return 4;
        -:  631:    case embargo: 
    #####:  632:      return 2;
        -:  633:    case outpost:
    #####:  634:      return 5;
        -:  635:    case salvager:
    #####:  636:      return 4;
        -:  637:    case sea_hag:
    #####:  638:      return 4;
        -:  639:    case treasure_map:
    #####:  640:      return 4;
        -:  641:    }
        -:  642:	
    #####:  643:  return -1;
    #####:  644:}
        -:  645:
        -:  646:int playAdventurer(int drawntreasure, struct gameState *state, int *temphand, int z){
        -:  647:  // bug: erroneously draws card again if drawn card is not treasure
      138:  648:  int currentPlayer = whoseTurn(state);
        -:  649:
    51898:  650:  while(drawntreasure<2){
    25811:  651:  if (state->deckCount[currentPlayer] <1){//if the deck is empty we need to shuffle discard and add to deck
    10050:  652:    shuffle(currentPlayer, state);
    10050:  653:  }
    25811:  654:  drawCard(currentPlayer, state);
    25811:  655:  int cardDrawn = state->hand[currentPlayer][state->handCount[currentPlayer]-1];//top card of hand is most recently drawn card.
    76881:  656:  if (cardDrawn == copper || cardDrawn == silver || cardDrawn == gold)
      276:  657:    drawntreasure++;
        -:  658:  else{
    25535:  659:    drawCard(currentPlayer, state);   // ** this line shouldn't be here **
    25535:  660:    temphand[z]=cardDrawn;
    25535:  661:    state->handCount[currentPlayer]--; //this should just remove the top card (the most recently drawn one).
    25535:  662:    z++;
        -:  663:  }
        -:  664:      }
    51346:  665:      while(z-1>=0){
    25535:  666:  state->discard[currentPlayer][state->discardCount[currentPlayer]++]=temphand[z-1]; // discard all cards in play that have been drawn
    25535:  667:  z=z-1;
        -:  668:      }
      138:  669:      return 0;
        -:  670:}
        -:  671:
        -:  672:int playSmithy(int handPos, struct gameState *state){
        -:  673:  // bug: changed i < 3 to i <= 3
    #####:  674:  int currentPlayer = whoseTurn(state);
        -:  675:      //+3 Cards
    #####:  676:  for (int i = 0; i <= 3; i++)  
        -:  677:  {
    #####:  678:    drawCard(currentPlayer, state);
    #####:  679:  }
        -:  680:  
        -:  681:  //discard card from hand
    #####:  682:  discardCard(handPos, currentPlayer, state, 0);
    #####:  683:  return 0;
        -:  684:}
        -:  685:
        -:  686:int playGardens(){
        -:  687:  // bug: should return -1 but doesn't
    #####:  688:  return 1;
        -:  689:}
        -:  690:
        -:  691:int playVillage(int handPos, struct gameState *state){
        -:  692:   
      800:  693:  int currentPlayer = whoseTurn(state);
        -:  694:    //+1 Card
      800:  695:  drawCard(currentPlayer, state);
        -:  696:  
        -:  697:  //+2 Actions
      800:  698:  state->numActions = state->numActions + 2;
        -:  699:  
        -:  700:  //discard played card from hand
      800:  701:  discardCard(handPos, currentPlayer, state, 0);
      800:  702:  return 0;
        -:  703:}
        -:  704:
        -:  705:int playGreatHall(int handPos, struct gameState *state){
        -:  706:  //bug: subtracts from numActions rather than adding to it
        -:  707:
      100:  708:  int currentPlayer = whoseTurn(state);
        -:  709:    //+1 Card
      100:  710:  drawCard(currentPlayer, state);
        -:  711:  
        -:  712:  //+1 Actions
      100:  713:  state->numActions--;
        -:  714:  
        -:  715:  //discard card from hand
      100:  716:  discardCard(handPos, currentPlayer, state, 0);
      100:  717:  return 0;
        -:  718:}
        -:  719:
        -:  720:
        -:  721:int cardEffect(int card, int choice1, int choice2, int choice3, struct gameState *state, int handPos, int *bonus)
        -:  722:{
        -:  723:  int i;
        -:  724:  int j;
        -:  725:  int k;
        -:  726:  int x;
        -:  727:  int index;
     1038:  728:  int currentPlayer = whoseTurn(state);
     1038:  729:  int nextPlayer = currentPlayer + 1;
        -:  730:
     1038:  731:  int tributeRevealedCards[2] = {-1, -1};
        -:  732:  int temphand[MAX_HAND];// moved above the if statement
     1038:  733:  int drawntreasure=0;
     1038:  734:  int z = 0;// this is the counter for the temp hand
     1038:  735:  if (nextPlayer > (state->numPlayers - 1)){
       19:  736:    nextPlayer = 0;
       19:  737:  }
        -:  738:
        -:  739:  //uses switch to select card and perform actions
     2076:  740:  switch( card ) 
        -:  741:    {
        -:  742:    case adventurer:
      138:  743:      playAdventurer(drawntreasure, state, temphand, z);
        -:  744:
        -:  745:    case council_room:
        -:  746:      //+4 Cards
     1380:  747:      for (i = 0; i < 4; i++)
        -:  748:	{
      552:  749:	  drawCard(currentPlayer, state);
      552:  750:	}
        -:  751:			
        -:  752:      //+1 Buy
      138:  753:      state->numBuys++;
        -:  754:			
        -:  755:      //Each other player draws a card
     1038:  756:      for (i = 0; i < state->numPlayers; i++)
        -:  757:	{
      381:  758:	  if ( i != currentPlayer )
        -:  759:	    {
      243:  760:	      drawCard(i, state);
      243:  761:	    }
      381:  762:	}
        -:  763:			
        -:  764:      //put played card in played card pile
      138:  765:      discardCard(handPos, currentPlayer, state, 0);
        -:  766:			
      138:  767:      return 0;
        -:  768:			
        -:  769:    case feast:
        -:  770:      //gain card with cost up to 5
        -:  771:      //Backup hand
    #####:  772:      for (i = 0; i <= state->handCount[currentPlayer]; i++){
    #####:  773:	temphand[i] = state->hand[currentPlayer][i];//Backup card
    #####:  774:	state->hand[currentPlayer][i] = -1;//Set to nothing
    #####:  775:      }
        -:  776:      //Backup hand
        -:  777:
        -:  778:      //Update Coins for Buy
    #####:  779:      updateCoins(currentPlayer, state, 5);
    #####:  780:      x = 1;//Condition to loop on
    #####:  781:      while( x == 1) {//Buy one card
    #####:  782:	if (supplyCount(choice1, state) <= 0){
        -:  783:	  if (DEBUG)
        -:  784:	    printf("None of that card left, sorry!\n");
        -:  785:
        -:  786:	  if (DEBUG){
        -:  787:	    printf("Cards Left: %d\n", supplyCount(choice1, state));
        -:  788:	  }
    #####:  789:	}
    #####:  790:	else if (state->coins < getCost(choice1)){
    #####:  791:	  printf("That card is too expensive!\n");
        -:  792:
        -:  793:	  if (DEBUG){
        -:  794:	    printf("Coins: %d < %d\n", state->coins, getCost(choice1));
        -:  795:	  }
    #####:  796:	}
        -:  797:	else{
        -:  798:
        -:  799:	  if (DEBUG){
        -:  800:	    printf("Deck Count: %d\n", state->handCount[currentPlayer] + state->deckCount[currentPlayer] + state->discardCount[currentPlayer]);
        -:  801:	  }
        -:  802:
    #####:  803:	  gainCard(choice1, state, 0, currentPlayer);//Gain the card
    #####:  804:	  x = 0;//No more buying cards
        -:  805:
        -:  806:	  if (DEBUG){
        -:  807:	    printf("Deck Count: %d\n", state->handCount[currentPlayer] + state->deckCount[currentPlayer] + state->discardCount[currentPlayer]);
        -:  808:	  }
        -:  809:
        -:  810:	}
        -:  811:      }     
        -:  812:
        -:  813:      //Reset Hand
    #####:  814:      for (i = 0; i <= state->handCount[currentPlayer]; i++){
    #####:  815:	state->hand[currentPlayer][i] = temphand[i];
    #####:  816:	temphand[i] = -1;
    #####:  817:      }
        -:  818:      //Reset Hand
        -:  819:      			
    #####:  820:      return 0;
        -:  821:			
        -:  822:    case gardens:
    #####:  823:      playGardens();
        -:  824:			
        -:  825:    case mine:
    #####:  826:      j = state->hand[currentPlayer][choice1];  //store card we will trash
        -:  827:
    #####:  828:      if (state->hand[currentPlayer][choice1] < copper || state->hand[currentPlayer][choice1] > gold)
        -:  829:	{
    #####:  830:	  return -1;
        -:  831:	}
        -:  832:		
    #####:  833:      if (choice2 > treasure_map || choice2 < curse)
        -:  834:	{
    #####:  835:	  return -1;
        -:  836:	}
        -:  837:
    #####:  838:      if ( (getCost(state->hand[currentPlayer][choice1]) + 3) > getCost(choice2) )
        -:  839:	{
    #####:  840:	  return -1;
        -:  841:	}
        -:  842:
    #####:  843:      gainCard(choice2, state, 2, currentPlayer);
        -:  844:
        -:  845:      //discard card from hand
    #####:  846:      discardCard(handPos, currentPlayer, state, 0);
        -:  847:
        -:  848:      //discard trashed card
    #####:  849:      for (i = 0; i < state->handCount[currentPlayer]; i++)
        -:  850:	{
    #####:  851:	  if (state->hand[currentPlayer][i] == j)
        -:  852:	    {
    #####:  853:	      discardCard(i, currentPlayer, state, 0);			
    #####:  854:	      break;
        -:  855:	    }
    #####:  856:	}
        -:  857:			
    #####:  858:      return 0;
        -:  859:			
        -:  860:    case remodel:
    #####:  861:      j = state->hand[currentPlayer][choice1];  //store card we will trash
        -:  862:
    #####:  863:      if ( (getCost(state->hand[currentPlayer][choice1]) + 2) > getCost(choice2) )
        -:  864:	{
    #####:  865:	  return -1;
        -:  866:	}
        -:  867:
    #####:  868:      gainCard(choice2, state, 0, currentPlayer);
        -:  869:
        -:  870:      //discard card from hand
    #####:  871:      discardCard(handPos, currentPlayer, state, 0);
        -:  872:
        -:  873:      //discard trashed card
    #####:  874:      for (i = 0; i < state->handCount[currentPlayer]; i++)
        -:  875:	{
    #####:  876:	  if (state->hand[currentPlayer][i] == j)
        -:  877:	    {
    #####:  878:	      discardCard(i, currentPlayer, state, 0);			
    #####:  879:	      break;
        -:  880:	    }
    #####:  881:	}
        -:  882:
        -:  883:
    #####:  884:      return 0;
        -:  885:		
        -:  886:    case smithy:
    #####:  887:      playSmithy(handPos, state);
        -:  888:		
        -:  889:    case village:
      800:  890:      playVillage(handPos, state);
        -:  891:		
        -:  892:    case baron:
      800:  893:      state->numBuys++;//Increase buys by 1!
      800:  894:      if (choice1 > 0){//Boolean true or going to discard an estate
      800:  895:	int p = 0;//Iterator for hand!
      800:  896:	int card_not_discarded = 1;//Flag for discard set!
   255258:  897:	while(card_not_discarded){
   126829:  898:	  if (state->hand[currentPlayer][p] == estate){//Found an estate card!
      345:  899:	    state->coins += 4;//Add 4 coins to the amount of coins
      345:  900:	    state->discard[currentPlayer][state->discardCount[currentPlayer]] = state->hand[currentPlayer][p];
      345:  901:	    state->discardCount[currentPlayer]++;
   153382:  902:	    for (;p < state->handCount[currentPlayer]; p++){
    76346:  903:	      state->hand[currentPlayer][p] = state->hand[currentPlayer][p+1];
    76346:  904:	    }
      345:  905:	    state->hand[currentPlayer][state->handCount[currentPlayer]] = -1;
      345:  906:	    state->handCount[currentPlayer]--;
      345:  907:	    card_not_discarded = 0;//Exit the loop
      345:  908:	  }
   126484:  909:	  else if (p > state->handCount[currentPlayer]){
        -:  910:	    if(DEBUG) {
        -:  911:	      printf("No estate cards in your hand, invalid choice\n");
        -:  912:	      printf("Must gain an estate if there are any\n");
        -:  913:	    }
      455:  914:	    if (supplyCount(estate, state) > 0){
      427:  915:	      gainCard(estate, state, 0, currentPlayer);
      427:  916:	      state->supplyCount[estate]--;//Decrement estates
      427:  917:	      if (supplyCount(estate, state) == 0){
       14:  918:		isGameOver(state);
       14:  919:	      }
      427:  920:	    }
      455:  921:	    card_not_discarded = 0;//Exit the loop
      455:  922:	  }
        -:  923:			    
        -:  924:	  else{
   126029:  925:	    p++;//Next card
        -:  926:	  }
        -:  927:	}
      800:  928:      }
        -:  929:			    
        -:  930:      else{
    #####:  931:	if (supplyCount(estate, state) > 0){
    #####:  932:	  gainCard(estate, state, 0, currentPlayer);//Gain an estate
    #####:  933:	  state->supplyCount[estate]--;//Decrement Estates
    #####:  934:	  if (supplyCount(estate, state) == 0){
    #####:  935:	    isGameOver(state);
    #####:  936:	  }
    #####:  937:	}
        -:  938:      }
        -:  939:	    
        -:  940:      
      800:  941:      return 0;
        -:  942:		
        -:  943:    case great_hall:
      100:  944:      playGreatHall(handPos, state);
        -:  945:		
        -:  946:    case minion:
        -:  947:      //+1 action
      100:  948:      state->numActions++;
        -:  949:			
        -:  950:      //discard card from hand
      100:  951:      discardCard(handPos, currentPlayer, state, 0);
        -:  952:			
      100:  953:      if (choice1)		//+2 coins
        -:  954:	{
      100:  955:	  state->coins = state->coins + 2;
      100:  956:	}
        -:  957:			
    #####:  958:      else if (choice2)		//discard hand, redraw 4, other players with 5+ cards discard hand and draw 4
        -:  959:	{
        -:  960:	  //discard hand
    #####:  961:	  while(numHandCards(state) > 0)
        -:  962:	    {
    #####:  963:	      discardCard(handPos, currentPlayer, state, 0);
        -:  964:	    }
        -:  965:				
        -:  966:	  //draw 4
    #####:  967:	  for (i = 0; i < 4; i++)
        -:  968:	    {
    #####:  969:	      drawCard(currentPlayer, state);
    #####:  970:	    }
        -:  971:				
        -:  972:	  //other players discard hand and redraw if hand size > 4
    #####:  973:	  for (i = 0; i < state->numPlayers; i++)
        -:  974:	    {
    #####:  975:	      if (i != currentPlayer)
        -:  976:		{
    #####:  977:		  if ( state->handCount[i] > 4 )
        -:  978:		    {
        -:  979:		      //discard hand
    #####:  980:		      while( state->handCount[i] > 0 )
        -:  981:			{
    #####:  982:			  discardCard(handPos, i, state, 0);
        -:  983:			}
        -:  984:							
        -:  985:		      //draw 4
    #####:  986:		      for (j = 0; j < 4; j++)
        -:  987:			{
    #####:  988:			  drawCard(i, state);
    #####:  989:			}
    #####:  990:		    }
    #####:  991:		}
    #####:  992:	    }
        -:  993:				
    #####:  994:	}
      100:  995:      return 0;
        -:  996:		
        -:  997:    case steward:
    #####:  998:      if (choice1 == 1)
        -:  999:	{
        -: 1000:	  //+2 cards
    #####: 1001:	  drawCard(currentPlayer, state);
    #####: 1002:	  drawCard(currentPlayer, state);
    #####: 1003:	}
    #####: 1004:      else if (choice1 == 2)
        -: 1005:	{
        -: 1006:	  //+2 coins
    #####: 1007:	  state->coins = state->coins + 2;
    #####: 1008:	}
        -: 1009:      else
        -: 1010:	{
        -: 1011:	  //trash 2 cards in hand
    #####: 1012:	  discardCard(choice2, currentPlayer, state, 1);
    #####: 1013:	  discardCard(choice3, currentPlayer, state, 1);
        -: 1014:	}
        -: 1015:			
        -: 1016:      //discard card from hand
    #####: 1017:      discardCard(handPos, currentPlayer, state, 0);
    #####: 1018:      return 0;
        -: 1019:		
        -: 1020:    case tribute:
    #####: 1021:      if ((state->discardCount[nextPlayer] + state->deckCount[nextPlayer]) <= 1){
    #####: 1022:	if (state->deckCount[nextPlayer] > 0){
    #####: 1023:	  tributeRevealedCards[0] = state->deck[nextPlayer][state->deckCount[nextPlayer]-1];
    #####: 1024:	  state->deckCount[nextPlayer]--;
    #####: 1025:	}
    #####: 1026:	else if (state->discardCount[nextPlayer] > 0){
    #####: 1027:	  tributeRevealedCards[0] = state->discard[nextPlayer][state->discardCount[nextPlayer]-1];
    #####: 1028:	  state->discardCount[nextPlayer]--;
    #####: 1029:	}
        -: 1030:	else{
        -: 1031:	  //No Card to Reveal
        -: 1032:	  if (DEBUG){
        -: 1033:	    printf("No cards to reveal\n");
        -: 1034:	  }
        -: 1035:	}
    #####: 1036:      }
        -: 1037:	    
        -: 1038:      else{
    #####: 1039:	if (state->deckCount[nextPlayer] == 0){
    #####: 1040:	  for (i = 0; i < state->discardCount[nextPlayer]; i++){
    #####: 1041:	    state->deck[nextPlayer][i] = state->discard[nextPlayer][i];//Move to deck
    #####: 1042:	    state->deckCount[nextPlayer]++;
    #####: 1043:	    state->discard[nextPlayer][i] = -1;
    #####: 1044:	    state->discardCount[nextPlayer]--;
    #####: 1045:	  }
        -: 1046:			    
    #####: 1047:	  shuffle(nextPlayer,state);//Shuffle the deck
    #####: 1048:	} 
    #####: 1049:	tributeRevealedCards[0] = state->deck[nextPlayer][state->deckCount[nextPlayer]-1];
    #####: 1050:	state->deck[nextPlayer][state->deckCount[nextPlayer]--] = -1;
    #####: 1051:	state->deckCount[nextPlayer]--;
    #####: 1052:	tributeRevealedCards[1] = state->deck[nextPlayer][state->deckCount[nextPlayer]-1];
    #####: 1053:	state->deck[nextPlayer][state->deckCount[nextPlayer]--] = -1;
    #####: 1054:	state->deckCount[nextPlayer]--;
        -: 1055:      }    
        -: 1056:		       
    #####: 1057:      if (tributeRevealedCards[0] == tributeRevealedCards[1]){//If we have a duplicate card, just drop one 
    #####: 1058:	state->playedCards[state->playedCardCount] = tributeRevealedCards[1];
    #####: 1059:	state->playedCardCount++;
    #####: 1060:	tributeRevealedCards[1] = -1;
    #####: 1061:      }
        -: 1062:
    #####: 1063:      for (i = 0; i <= 2; i ++){
    #####: 1064:	if (tributeRevealedCards[i] == copper || tributeRevealedCards[i] == silver || tributeRevealedCards[i] == gold){//Treasure cards
    #####: 1065:	  state->coins += 2;
    #####: 1066:	}
        -: 1067:		    
    #####: 1068:	else if (tributeRevealedCards[i] == estate || tributeRevealedCards[i] == duchy || tributeRevealedCards[i] == province || tributeRevealedCards[i] == gardens || tributeRevealedCards[i] == great_hall){//Victory Card Found
    #####: 1069:	  drawCard(currentPlayer, state);
    #####: 1070:	  drawCard(currentPlayer, state);
    #####: 1071:	}
        -: 1072:	else{//Action Card
    #####: 1073:	  state->numActions = state->numActions + 2;
        -: 1074:	}
    #####: 1075:      }
        -: 1076:	    
    #####: 1077:      return 0;
        -: 1078:		
        -: 1079:    case ambassador:
    #####: 1080:      j = 0;		//used to check if player has enough cards to discard
        -: 1081:
    #####: 1082:      if (choice2 > 2 || choice2 < 0)
        -: 1083:	{
    #####: 1084:	  return -1;				
        -: 1085:	}
        -: 1086:
    #####: 1087:      if (choice1 == handPos)
        -: 1088:	{
    #####: 1089:	  return -1;
        -: 1090:	}
        -: 1091:
    #####: 1092:      for (i = 0; i < state->handCount[currentPlayer]; i++)
        -: 1093:	{
    #####: 1094:	  if (i != handPos && i == state->hand[currentPlayer][choice1] && i != choice1)
        -: 1095:	    {
    #####: 1096:	      j++;
    #####: 1097:	    }
    #####: 1098:	}
    #####: 1099:      if (j < choice2)
        -: 1100:	{
    #####: 1101:	  return -1;				
        -: 1102:	}
        -: 1103:
        -: 1104:      if (DEBUG) 
        -: 1105:	printf("Player %d reveals card number: %d\n", currentPlayer, state->hand[currentPlayer][choice1]);
        -: 1106:
        -: 1107:      //increase supply count for choosen card by amount being discarded
    #####: 1108:      state->supplyCount[state->hand[currentPlayer][choice1]] += choice2;
        -: 1109:			
        -: 1110:      //each other player gains a copy of revealed card
    #####: 1111:      for (i = 0; i < state->numPlayers; i++)
        -: 1112:	{
    #####: 1113:	  if (i != currentPlayer)
        -: 1114:	    {
    #####: 1115:	      gainCard(state->hand[currentPlayer][choice1], state, 0, i);
    #####: 1116:	    }
    #####: 1117:	}
        -: 1118:
        -: 1119:      //discard played card from hand
    #####: 1120:      discardCard(handPos, currentPlayer, state, 0);			
        -: 1121:
        -: 1122:      //trash copies of cards returned to supply
    #####: 1123:      for (j = 0; j < choice2; j++)
        -: 1124:	{
    #####: 1125:	  for (i = 0; i < state->handCount[currentPlayer]; i++)
        -: 1126:	    {
    #####: 1127:	      if (state->hand[currentPlayer][i] == state->hand[currentPlayer][choice1])
        -: 1128:		{
    #####: 1129:		  discardCard(i, currentPlayer, state, 1);
    #####: 1130:		  break;
        -: 1131:		}
    #####: 1132:	    }
    #####: 1133:	}			
        -: 1134:
    #####: 1135:      return 0;
        -: 1136:		
        -: 1137:    case cutpurse:
        -: 1138:
    #####: 1139:      updateCoins(currentPlayer, state, 2);
    #####: 1140:      for (i = 0; i < state->numPlayers; i++)
        -: 1141:	{
    #####: 1142:	  if (i != currentPlayer)
        -: 1143:	    {
    #####: 1144:	      for (j = 0; j < state->handCount[i]; j++)
        -: 1145:		{
    #####: 1146:		  if (state->hand[i][j] == copper)
        -: 1147:		    {
    #####: 1148:		      discardCard(j, i, state, 0);
    #####: 1149:		      break;
        -: 1150:		    }
    #####: 1151:		  if (j == state->handCount[i])
        -: 1152:		    {
    #####: 1153:		      for (k = 0; k < state->handCount[i]; k++)
        -: 1154:			{
        -: 1155:			  if (DEBUG)
        -: 1156:			    printf("Player %d reveals card number %d\n", i, state->hand[i][k]);
    #####: 1157:			}	
    #####: 1158:		      break;
        -: 1159:		    }		
    #####: 1160:		}
        -: 1161:					
    #####: 1162:	    }
        -: 1163:				
    #####: 1164:	}				
        -: 1165:
        -: 1166:      //discard played card from hand
    #####: 1167:      discardCard(handPos, currentPlayer, state, 0);			
        -: 1168:
    #####: 1169:      return 0;
        -: 1170:
        -: 1171:		
        -: 1172:    case embargo: 
        -: 1173:      //+2 Coins
    #####: 1174:      state->coins = state->coins + 2;
        -: 1175:			
        -: 1176:      //see if selected pile is in play
    #####: 1177:      if ( state->supplyCount[choice1] == -1 )
        -: 1178:	{
    #####: 1179:	  return -1;
        -: 1180:	}
        -: 1181:			
        -: 1182:      //add embargo token to selected supply pile
    #####: 1183:      state->embargoTokens[choice1]++;
        -: 1184:			
        -: 1185:      //trash card
    #####: 1186:      discardCard(handPos, currentPlayer, state, 1);		
    #####: 1187:      return 0;
        -: 1188:		
        -: 1189:    case outpost:
        -: 1190:      //set outpost flag
    #####: 1191:      state->outpostPlayed++;
        -: 1192:			
        -: 1193:      //discard card
    #####: 1194:      discardCard(handPos, currentPlayer, state, 0);
    #####: 1195:      return 0;
        -: 1196:		
        -: 1197:    case salvager:
        -: 1198:      //+1 buy
    #####: 1199:      state->numBuys++;
        -: 1200:			
    #####: 1201:      if (choice1)
        -: 1202:	{
        -: 1203:	  //gain coins equal to trashed card
    #####: 1204:	  state->coins = state->coins + getCost( handCard(choice1, state) );
        -: 1205:	  //trash card
    #####: 1206:	  discardCard(choice1, currentPlayer, state, 1);	
    #####: 1207:	}
        -: 1208:			
        -: 1209:      //discard card
    #####: 1210:      discardCard(handPos, currentPlayer, state, 0);
    #####: 1211:      return 0;
        -: 1212:		
        -: 1213:    case sea_hag:
    #####: 1214:      for (i = 0; i < state->numPlayers; i++){
    #####: 1215:	if (i != currentPlayer){
    #####: 1216:	  state->discard[i][state->discardCount[i]] = state->deck[i][state->deckCount[i]--];			    state->deckCount[i]--;
    #####: 1217:	  state->discardCount[i]++;
    #####: 1218:	  state->deck[i][state->deckCount[i]--] = curse;//Top card now a curse
    #####: 1219:	}
    #####: 1220:      }
    #####: 1221:      return 0;
        -: 1222:		
        -: 1223:    case treasure_map:
        -: 1224:      //search hand for another treasure_map
    #####: 1225:      index = -1;
    #####: 1226:      for (i = 0; i < state->handCount[currentPlayer]; i++)
        -: 1227:	{
    #####: 1228:	  if (state->hand[currentPlayer][i] == treasure_map && i != handPos)
        -: 1229:	    {
    #####: 1230:	      index = i;
    #####: 1231:	      break;
        -: 1232:	    }
    #####: 1233:	}
    #####: 1234:      if (index > -1)
        -: 1235:	{
        -: 1236:	  //trash both treasure cards
    #####: 1237:	  discardCard(handPos, currentPlayer, state, 1);
    #####: 1238:	  discardCard(index, currentPlayer, state, 1);
        -: 1239:
        -: 1240:	  //gain 4 Gold cards
    #####: 1241:	  for (i = 0; i < 4; i++)
        -: 1242:	    {
    #####: 1243:	      gainCard(gold, state, 1, currentPlayer);
    #####: 1244:	    }
        -: 1245:				
        -: 1246:	  //return success
    #####: 1247:	  return 1;
        -: 1248:	}
        -: 1249:			
        -: 1250:      //no second treasure_map found in hand
    #####: 1251:      return -1;
        -: 1252:    }
        -: 1253:	
    #####: 1254:  return -1;
     1038: 1255:}
        -: 1256:
        -: 1257:int discardCard(int handPos, int currentPlayer, struct gameState *state, int trashFlag)
        -: 1258:{
        -: 1259:	
        -: 1260:  //if card is not trashed, added to Played pile 
     1138: 1261:  if (trashFlag < 1)
        -: 1262:    {
        -: 1263:      //add card to played pile
     1138: 1264:      state->playedCards[state->playedCardCount] = state->hand[currentPlayer][handPos]; 
     1138: 1265:      state->playedCardCount++;
     1138: 1266:    }
        -: 1267:	
        -: 1268:  //set played card to -1
     1138: 1269:  state->hand[currentPlayer][handPos] = -1;
        -: 1270:	
        -: 1271:  //remove card from player's hand
     1138: 1272:  if ( handPos == (state->handCount[currentPlayer] - 1) ) 	//last card in hand array is played
        -: 1273:    {
        -: 1274:      //reduce number of cards in hand
       10: 1275:      state->handCount[currentPlayer]--;
       10: 1276:    }
     1128: 1277:  else if ( state->handCount[currentPlayer] == 1 ) //only one card in hand
        -: 1278:    {
        -: 1279:      //reduce number of cards in hand
    #####: 1280:      state->handCount[currentPlayer]--;
    #####: 1281:    }
        -: 1282:  else 	
        -: 1283:    {
        -: 1284:      //replace discarded card with last card in hand
     1128: 1285:      state->hand[currentPlayer][handPos] = state->hand[currentPlayer][ (state->handCount[currentPlayer] - 1)];
        -: 1286:      //set last card to -1
     1128: 1287:      state->hand[currentPlayer][state->handCount[currentPlayer] - 1] = -1;
        -: 1288:      //reduce number of cards in hand
     1128: 1289:      state->handCount[currentPlayer]--;
        -: 1290:    }
        -: 1291:	
     1138: 1292:  return 0;
        -: 1293:}
        -: 1294:
        -: 1295:int gainCard(int supplyPos, struct gameState *state, int toFlag, int player)
        -: 1296:{
        -: 1297:  //Note: supplyPos is enum of choosen card
        -: 1298:	
        -: 1299:  //check if supply pile is empty (0) or card is not used in game (-1)
      427: 1300:  if ( supplyCount(supplyPos, state) < 1 )
        -: 1301:    {
    #####: 1302:      return -1;
        -: 1303:    }
        -: 1304:	
        -: 1305:  //added card for [whoseTurn] current player:
        -: 1306:  // toFlag = 0 : add to discard
        -: 1307:  // toFlag = 1 : add to deck
        -: 1308:  // toFlag = 2 : add to hand
        -: 1309:
      427: 1310:  if (toFlag == 1)
        -: 1311:    {
    #####: 1312:      state->deck[ player ][ state->deckCount[player] ] = supplyPos;
    #####: 1313:      state->deckCount[player]++;
    #####: 1314:    }
      427: 1315:  else if (toFlag == 2)
        -: 1316:    {
    #####: 1317:      state->hand[ player ][ state->handCount[player] ] = supplyPos;
    #####: 1318:      state->handCount[player]++;
    #####: 1319:    }
        -: 1320:  else
        -: 1321:    {
      427: 1322:      state->discard[player][ state->discardCount[player] ] = supplyPos;
      427: 1323:      state->discardCount[player]++;
        -: 1324:    }
        -: 1325:	
        -: 1326:  //decrease number in supply pile
      427: 1327:  state->supplyCount[supplyPos]--;
        -: 1328:	 
      427: 1329:  return 0;
      427: 1330:}
        -: 1331:
        -: 1332:int updateCoins(int player, struct gameState *state, int bonus)
        -: 1333:{
        -: 1334:  int i;
        -: 1335:	
        -: 1336:  //reset coin count
      499: 1337:  state->coins = 0;
        -: 1338:
        -: 1339:  //add coins for each Treasure card in player's hand
     5988: 1340:  for (i = 0; i < state->handCount[player]; i++)
        -: 1341:    {
     2495: 1342:      if (state->hand[player][i] == copper)
        -: 1343:	{
     1749: 1344:	  state->coins += 1;
     1749: 1345:	}
      746: 1346:      else if (state->hand[player][i] == silver)
        -: 1347:	{
    #####: 1348:	  state->coins += 2;
    #####: 1349:	}
      746: 1350:      else if (state->hand[player][i] == gold)
        -: 1351:	{
    #####: 1352:	  state->coins += 3;
    #####: 1353:	}	
     2495: 1354:    }	
        -: 1355:
        -: 1356:  //add bonus
      499: 1357:  state->coins += bonus;
        -: 1358:
      499: 1359:  return 0;
        -: 1360:}
        -: 1361:
        -: 1362:
        -: 1363://end of dominion.c
        -: 1364:
