        -:    0:Source:unittest1.c
        -:    0:Graph:unittest1.gcno
        -:    0:Data:unittest1.gcda
        -:    0:Runs:2
        -:    0:Programs:1
        -:    1:#include <stdlib.h>
        -:    2:#include <stdio.h>
        -:    3:#include "assert.h"
        -:    4:#include "dominion.h"
        -:    5:#include "rngs.h"
        -:    6:#include <time.h>
        -:    7:
        -:    8:int main(){
        2:    9:	printf("Testing supplyCount function\n");
        -:   10:	struct gameState gs;
        -:   11:
        2:   12:	gs.supplyCount[silver] = 4;
        2:   13:	if(supplyCount(silver, &gs) == 4){
        2:   14:		printf("supplyCount Unit Test passed.\n");
        2:   15:	}
        2:   16:	return 0;
        -:   17:}
