        -:    0:Source:unittest3.c
        -:    0:Graph:unittest3.gcno
        -:    0:Data:unittest3.gcda
        -:    0:Runs:1
        -:    0:Programs:1
        -:    1:#include <stdlib.h>
        -:    2:#include <stdio.h>
        -:    3:#include "dominion.h"
        -:    4:#include "rngs.h"
        -:    5:
function main called 1 returned 100% blocks executed 66%
        -:    6:int main(){
        1:    7:	printf("Testing isGameOver function\n");
        -:    8:	struct gameState gs;
        -:    9:
        1:   10:	int k[10] = {1, 2, 3, 4, 5, 6, 7, 8, 9, 10};
        -:   11:
        1:   12:	initializeGame(2, k, 2, &gs);
        1:   13:	gs.supplyCount[province] = 3;
        1:   14:	int success = 1;
        -:   15:
        1:   16:	if(isGameOver(&gs) != 0){
branch  0 taken 0%
branch  1 taken 100%
    #####:   17:		printf("Test failure: Game ended before it shold have.\n");
    #####:   18:		success = 0;
    #####:   19:	}
        1:   20:	gs.supplyCount[province] = 0;
        1:   21:	if(isGameOver(&gs) != 1){
branch  0 taken 0%
branch  1 taken 100%
    #####:   22:		printf("Test failure: Game didn't end when it should have.");
    #####:   23:		success = 0;
    #####:   24:	}
        -:   25:
        1:   26:	if(!success){
branch  0 taken 0%
branch  1 taken 100%
    #####:   27:		printf("Test failed.\n");
    #####:   28:	}
        -:   29:	else{
        1:   30:		printf("Test successful\n");
        -:   31:	}
        1:   32:	return 0;
        -:   33:}
